This file contains any messages produced by compilers while
running configure, to aid debugging if configure makes a mistake.

It was created by zeitgeist configure 0.7.1, which was
generated by GNU Autoconf 2.67.  Invocation command line was

  $ ./configure 

## --------- ##
## Platform. ##
## --------- ##

hostname = ubuntu
uname -m = x86_64
uname -r = 2.6.35-28-generic
uname -s = Linux
uname -v = #49-Ubuntu SMP Tue Mar 1 14:39:03 UTC 2011

/usr/bin/uname -p = unknown
/bin/uname -X     = unknown

/bin/arch              = unknown
/usr/bin/arch -k       = unknown
/usr/convex/getsysinfo = unknown
/usr/bin/hostinfo      = unknown
/bin/machine           = unknown
/usr/bin/oslevel       = unknown
/bin/universe          = unknown

PATH: /usr/share/intltool-debian/
PATH: /home/ben/bin
PATH: /usr/local/sbin
PATH: /usr/local/bin
PATH: /usr/sbin
PATH: /usr/bin
PATH: /sbin
PATH: /bin
PATH: /usr/games


## ----------- ##
## Core tests. ##
## ----------- ##

configure:2208: checking for a BSD-compatible install
configure:2276: result: /usr/bin/install -c
configure:2287: checking whether build environment is sane
configure:2337: result: yes
configure:2478: checking for a thread-safe mkdir -p
configure:2517: result: /bin/mkdir -p
configure:2530: checking for gawk
configure:2546: found /usr/bin/gawk
configure:2557: result: gawk
configure:2568: checking whether make sets $(MAKE)
configure:2590: result: yes
configure:2681: checking whether to enable maintainer-specific portions of Makefiles
configure:2690: result: no
configure:2714: checking for python
configure:2732: found /usr/bin/python
configure:2744: result: /usr/bin/python
configure:2765: checking for python version
configure:2772: result: 2.6
configure:2784: checking for python platform
configure:2791: result: linux2
configure:2798: checking for python script directory
configure:2827: result: ${prefix}/lib/python2.6/dist-packages
configure:2836: checking for python extension module directory
configure:2865: result: ${exec_prefix}/lib/python2.6/dist-packages
configure:2899: checking for style of include used by make
configure:2927: result: GNU
configure:2997: checking for gcc
configure:3013: found /usr/bin/gcc
configure:3024: result: gcc
configure:3253: checking for C compiler version
configure:3262: gcc --version >&5
gcc (Ubuntu/Linaro 4.4.4-14ubuntu5) 4.4.5
Copyright (C) 2010 Free Software Foundation, Inc.
This is free software; see the source for copying conditions.  There is NO
warranty; not even for MERCHANTABILITY or FITNESS FOR A PARTICULAR PURPOSE.

configure:3273: $? = 0
configure:3262: gcc -v >&5
Using built-in specs.
Target: x86_64-linux-gnu
Configured with: ../src/configure -v --with-pkgversion='Ubuntu/Linaro 4.4.4-14ubuntu5' --with-bugurl=file:///usr/share/doc/gcc-4.4/README.Bugs --enable-languages=c,c++,fortran,objc,obj-c++ --prefix=/usr --program-suffix=-4.4 --enable-shared --enable-multiarch --enable-linker-build-id --with-system-zlib --libexecdir=/usr/lib --without-included-gettext --enable-threads=posix --with-gxx-include-dir=/usr/include/c++/4.4 --libdir=/usr/lib --enable-nls --with-sysroot=/ --enable-clocale=gnu --enable-libstdcxx-debug --enable-objc-gc --disable-werror --with-arch-32=i686 --with-tune=generic --enable-checking=release --build=x86_64-linux-gnu --host=x86_64-linux-gnu --target=x86_64-linux-gnu
Thread model: posix
gcc version 4.4.5 (Ubuntu/Linaro 4.4.4-14ubuntu5) 
configure:3273: $? = 0
configure:3262: gcc -V >&5
gcc: '-V' option must have argument
configure:3273: $? = 1
configure:3262: gcc -qversion >&5
gcc: unrecognized option '-qversion'
gcc: no input files
configure:3273: $? = 1
configure:3293: checking whether the C compiler works
configure:3315: gcc    conftest.c  >&5
configure:3319: $? = 0
configure:3367: result: yes
configure:3370: checking for C compiler default output file name
configure:3372: result: a.out
configure:3378: checking for suffix of executables
configure:3385: gcc -o conftest    conftest.c  >&5
configure:3389: $? = 0
configure:3411: result: 
configure:3433: checking whether we are cross compiling
configure:3441: gcc -o conftest    conftest.c  >&5
configure:3445: $? = 0
configure:3452: ./conftest
configure:3456: $? = 0
configure:3471: result: no
configure:3476: checking for suffix of object files
configure:3498: gcc -c   conftest.c >&5
configure:3502: $? = 0
configure:3523: result: o
configure:3527: checking whether we are using the GNU C compiler
configure:3546: gcc -c   conftest.c >&5
configure:3546: $? = 0
configure:3555: result: yes
configure:3564: checking whether gcc accepts -g
configure:3584: gcc -c -g  conftest.c >&5
configure:3584: $? = 0
configure:3625: result: yes
configure:3642: checking for gcc option to accept ISO C89
configure:3706: gcc  -c -g -O2  conftest.c >&5
configure:3706: $? = 0
configure:3719: result: none needed
configure:3741: checking dependency style of gcc
configure:3851: result: none
configure:3872: checking how to run the C preprocessor
configure:3903: gcc -E  conftest.c
configure:3903: $? = 0
configure:3917: gcc -E  conftest.c
conftest.c:12: fatal error: ac_nonexistent.h: No such file or directory
compilation terminated.
configure:3917: $? = 1
configure: failed program was:
| /* confdefs.h */
| #define PACKAGE_NAME "zeitgeist"
| #define PACKAGE_TARNAME "zeitgeist"
| #define PACKAGE_VERSION "0.7.1"
| #define PACKAGE_STRING "zeitgeist 0.7.1"
| #define PACKAGE_BUGREPORT ""
| #define PACKAGE_URL ""
| #define PACKAGE "zeitgeist"
| #define VERSION "0.7.1"
| #define GETTEXT_PACKAGE "zeitgeist"
| /* end confdefs.h.  */
| #include <ac_nonexistent.h>
configure:3942: result: gcc -E
configure:3962: gcc -E  conftest.c
configure:3962: $? = 0
configure:3976: gcc -E  conftest.c
conftest.c:12: fatal error: ac_nonexistent.h: No such file or directory
compilation terminated.
configure:3976: $? = 1
configure: failed program was:
| /* confdefs.h */
| #define PACKAGE_NAME "zeitgeist"
| #define PACKAGE_TARNAME "zeitgeist"
| #define PACKAGE_VERSION "0.7.1"
| #define PACKAGE_STRING "zeitgeist 0.7.1"
| #define PACKAGE_BUGREPORT ""
| #define PACKAGE_URL ""
| #define PACKAGE "zeitgeist"
| #define VERSION "0.7.1"
| #define GETTEXT_PACKAGE "zeitgeist"
| /* end confdefs.h.  */
| #include <ac_nonexistent.h>
configure:4005: checking for grep that handles long lines and -e
configure:4063: result: /bin/grep
configure:4068: checking for egrep
configure:4130: result: /bin/grep -E
configure:4135: checking for ANSI C header files
configure:4155: gcc -c -g -O2  conftest.c >&5
configure:4155: $? = 0
configure:4228: gcc -o conftest -g -O2   conftest.c  >&5
configure:4228: $? = 0
configure:4228: ./conftest
configure:4228: $? = 0
configure:4239: result: yes
configure:4252: checking for sys/types.h
configure:4252: gcc -c -g -O2  conftest.c >&5
configure:4252: $? = 0
configure:4252: result: yes
configure:4252: checking for sys/stat.h
configure:4252: gcc -c -g -O2  conftest.c >&5
configure:4252: $? = 0
configure:4252: result: yes
configure:4252: checking for stdlib.h
configure:4252: gcc -c -g -O2  conftest.c >&5
configure:4252: $? = 0
configure:4252: result: yes
configure:4252: checking for string.h
configure:4252: gcc -c -g -O2  conftest.c >&5
configure:4252: $? = 0
configure:4252: result: yes
configure:4252: checking for memory.h
configure:4252: gcc -c -g -O2  conftest.c >&5
configure:4252: $? = 0
configure:4252: result: yes
configure:4252: checking for strings.h
configure:4252: gcc -c -g -O2  conftest.c >&5
configure:4252: $? = 0
configure:4252: result: yes
configure:4252: checking for inttypes.h
configure:4252: gcc -c -g -O2  conftest.c >&5
configure:4252: $? = 0
configure:4252: result: yes
configure:4252: checking for stdint.h
configure:4252: gcc -c -g -O2  conftest.c >&5
configure:4252: $? = 0
configure:4252: result: yes
configure:4252: checking for unistd.h
configure:4252: gcc -c -g -O2  conftest.c >&5
configure:4252: $? = 0
configure:4252: result: yes
configure:4267: checking locale.h usability
configure:4267: gcc -c -g -O2  conftest.c >&5
configure:4267: $? = 0
configure:4267: result: yes
configure:4267: checking locale.h presence
configure:4267: gcc -E  conftest.c
configure:4267: $? = 0
configure:4267: result: yes
configure:4267: checking for locale.h
configure:4267: result: yes
configure:4278: checking for LC_MESSAGES
configure:4294: gcc -o conftest -g -O2   conftest.c  >&5
configure:4294: $? = 0
configure:4302: result: yes
configure:4319: checking libintl.h usability
configure:4319: gcc -c -g -O2  conftest.c >&5
configure:4319: $? = 0
configure:4319: result: yes
configure:4319: checking libintl.h presence
configure:4319: gcc -E  conftest.c
configure:4319: $? = 0
configure:4319: result: yes
configure:4319: checking for libintl.h
configure:4319: result: yes
configure:4327: checking for ngettext in libc
configure:4345: gcc -o conftest -g -O2   conftest.c  >&5
configure:4345: $? = 0
configure:4354: result: yes
configure:4358: checking for dgettext in libc
configure:4376: gcc -o conftest -g -O2   conftest.c  >&5
configure:4376: $? = 0
configure:4385: result: yes
configure:4392: checking for bind_textdomain_codeset
configure:4392: gcc -o conftest -g -O2   conftest.c  >&5
configure:4392: $? = 0
configure:4392: result: yes
configure:4668: checking for msgfmt
configure:4695: result: /usr/bin/msgfmt
configure:4706: checking for dcgettext
configure:4706: gcc -o conftest -g -O2   conftest.c   >&5
conftest.c:49: warning: conflicting types for built-in function 'dcgettext'
configure:4706: $? = 0
configure:4706: result: yes
configure:4716: checking if msgfmt accepts -c
configure:4731: $MSGFMT -c -o /dev/null conftest.foo
configure:4734: $? = 0
configure:4736: result: yes
configure:4746: checking for gmsgfmt
configure:4777: result: /usr/bin/msgfmt
configure:4787: checking for xgettext
configure:4814: result: /usr/bin/xgettext
configure:4833: gcc -o conftest -g -O2   conftest.c   >&5
configure:4833: $? = 0
configure:4969: checking whether NLS is requested
configure:4978: result: yes
configure:4993: checking for intltool >= 0.35.0
configure:5000: result: 0.35.0 found
configure:5008: checking for intltool-update
configure:5026: found /usr/share/intltool-debian//intltool-update
configure:5038: result: /usr/share/intltool-debian//intltool-update
configure:5048: checking for intltool-merge
configure:5066: found /usr/share/intltool-debian//intltool-merge
configure:5078: result: /usr/share/intltool-debian//intltool-merge
configure:5088: checking for intltool-extract
configure:5106: found /usr/share/intltool-debian//intltool-extract
configure:5118: result: /usr/share/intltool-debian//intltool-extract
configure:5249: checking for xgettext
configure:5279: result: /usr/bin/xgettext
configure:5289: checking for msgmerge
configure:5307: found /usr/bin/msgmerge
configure:5319: result: /usr/bin/msgmerge
configure:5329: checking for msgfmt
configure:5359: result: /usr/bin/msgfmt
configure:5369: checking for gmsgfmt
configure:5400: result: /usr/bin/msgfmt
configure:5420: checking for perl
configure:5438: found /usr/bin/perl
configure:5450: result: /usr/bin/perl
configure:5461: checking for perl >= 5.8.1
configure:5468: result: 5.10.1
configure:5472: checking for XML::Parser
configure:5475: result: ok
configure:5564: checking for rapper
configure:5580: found /usr/bin/rapper
configure:5592: result: yes
configure:5605: checking for python-rdflib
configure:5614: result: yes
configure:5781: creating ./config.status

## ---------------------- ##
## Running config.status. ##
## ---------------------- ##

This file was extended by zeitgeist config.status 0.7.1, which was
generated by GNU Autoconf 2.67.  Invocation command line was

  CONFIG_FILES    = 
  CONFIG_HEADERS  = 
  CONFIG_LINKS    = 
  CONFIG_COMMANDS = 
  $ ./config.status 

on ubuntu

config.status:868: creating Makefile
config.status:868: creating doc/Makefile
config.status:868: creating extra/Makefile
config.status:868: creating extra/ontology/Makefile
config.status:868: creating po/Makefile.in
config.status:868: creating zeitgeist-daemon.pc
config.status:976: WARNING:  'zeitgeist-daemon.pc.in' seems to ignore the --datarootdir setting
config.status:868: creating zeitgeist/Makefile
config.status:868: creating _zeitgeist/Makefile
config.status:868: creating _zeitgeist/engine/Makefile
config.status:868: creating _zeitgeist/engine/extensions/Makefile
config.status:868: creating _zeitgeist/engine/upgrades/Makefile
config.status:1039: executing depfiles commands
config.status:1039: executing default-1 commands
config.status:1039: executing po/stamp-it commands

## ---------------- ##
## Cache variables. ##
## ---------------- ##

ac_cv_c_compiler_gnu=yes
ac_cv_env_CC_set=
ac_cv_env_CC_value=
ac_cv_env_CFLAGS_set=
ac_cv_env_CFLAGS_value=
ac_cv_env_CPPFLAGS_set=
ac_cv_env_CPPFLAGS_value=
ac_cv_env_CPP_set=
ac_cv_env_CPP_value=
ac_cv_env_LDFLAGS_set=
ac_cv_env_LDFLAGS_value=
ac_cv_env_LIBS_set=
ac_cv_env_LIBS_value=
ac_cv_env_build_alias_set=
ac_cv_env_build_alias_value=
ac_cv_env_host_alias_set=
ac_cv_env_host_alias_value=
ac_cv_env_target_alias_set=
ac_cv_env_target_alias_value=
ac_cv_func_bind_textdomain_codeset=yes
ac_cv_func_dcgettext=yes
ac_cv_header_inttypes_h=yes
ac_cv_header_libintl_h=yes
ac_cv_header_locale_h=yes
ac_cv_header_memory_h=yes
ac_cv_header_stdc=yes
ac_cv_header_stdint_h=yes
ac_cv_header_stdlib_h=yes
ac_cv_header_string_h=yes
ac_cv_header_strings_h=yes
ac_cv_header_sys_stat_h=yes
ac_cv_header_sys_types_h=yes
ac_cv_header_unistd_h=yes
ac_cv_objext=o
ac_cv_path_EGREP='/bin/grep -E'
ac_cv_path_GMSGFMT=/usr/bin/msgfmt
ac_cv_path_GREP=/bin/grep
ac_cv_path_INTLTOOL_EXTRACT=/usr/share/intltool-debian//intltool-extract
ac_cv_path_INTLTOOL_MERGE=/usr/share/intltool-debian//intltool-merge
ac_cv_path_INTLTOOL_PERL=/usr/bin/perl
ac_cv_path_INTLTOOL_UPDATE=/usr/share/intltool-debian//intltool-update
ac_cv_path_MSGFMT=/usr/bin/msgfmt
ac_cv_path_MSGMERGE=/usr/bin/msgmerge
ac_cv_path_PYTHON=/usr/bin/python
ac_cv_path_XGETTEXT=/usr/bin/xgettext
ac_cv_path_install='/usr/bin/install -c'
ac_cv_path_mkdir=/bin/mkdir
ac_cv_prog_AWK=gawk
ac_cv_prog_CPP='gcc -E'
ac_cv_prog_HAVE_RAPPER=yes
ac_cv_prog_ac_ct_CC=gcc
ac_cv_prog_cc_c89=
ac_cv_prog_cc_g=yes
ac_cv_prog_make_make_set=yes
am_cv_CC_dependencies_compiler_type=none
am_cv_python_platform=linux2
am_cv_python_pyexecdir='${exec_prefix}/lib/python2.6/dist-packages'
am_cv_python_pythondir='${prefix}/lib/python2.6/dist-packages'
am_cv_python_version=2.6
am_cv_val_LC_MESSAGES=yes
gt_cv_func_dgettext_libc=yes
gt_cv_func_dgettext_libintl=no
gt_cv_func_ngettext_libc=yes
gt_cv_have_gettext=yes

## ----------------- ##
## Output variables. ##
## ----------------- ##

ACLOCAL='${SHELL} /home/ben/dev/zeitgeist-0.7.1/missing --run aclocal-1.11'
ACLOCAL_AMFLAGS='${ACLOCAL_FLAGS}'
ALL_LINGUAS=''
AMDEPBACKSLASH='\'
AMDEP_FALSE='#'
AMDEP_TRUE=''
AMTAR='${SHELL} /home/ben/dev/zeitgeist-0.7.1/missing --run tar'
AUTOCONF='${SHELL} /home/ben/dev/zeitgeist-0.7.1/missing --run autoconf'
AUTOHEADER='${SHELL} /home/ben/dev/zeitgeist-0.7.1/missing --run autoheader'
AUTOMAKE='${SHELL} /home/ben/dev/zeitgeist-0.7.1/missing --run automake-1.11'
AWK='gawk'
CATALOGS=''
CATOBJEXT='.gmo'
CC='gcc'
CCDEPMODE='depmode=none'
CFLAGS='-g -O2'
CPP='gcc -E'
CPPFLAGS=''
CYGPATH_W='echo'
DATADIR='/usr/local/share'
DATADIRNAME='share'
DEFS='-DPACKAGE_NAME=\"zeitgeist\" -DPACKAGE_TARNAME=\"zeitgeist\" -DPACKAGE_VERSION=\"0.7.1\" -DPACKAGE_STRING=\"zeitgeist\ 0.7.1\" -DPACKAGE_BUGREPORT=\"\" -DPACKAGE_URL=\"\" -DPACKAGE=\"zeitgeist\" -DVERSION=\"0.7.1\" -DGETTEXT_PACKAGE=\"zeitgeist\" -DSTDC_HEADERS=1 -DHAVE_SYS_TYPES_H=1 -DHAVE_SYS_STAT_H=1 -DHAVE_STDLIB_H=1 -DHAVE_STRING_H=1 -DHAVE_MEMORY_H=1 -DHAVE_STRINGS_H=1 -DHAVE_INTTYPES_H=1 -DHAVE_STDINT_H=1 -DHAVE_UNISTD_H=1 -DHAVE_LOCALE_H=1 -DHAVE_LC_MESSAGES=1 -DHAVE_BIND_TEXTDOMAIN_CODESET=1 -DHAVE_GETTEXT=1 -DHAVE_DCGETTEXT=1 -DENABLE_NLS=1'
DEPDIR='.deps'
ECHO_C=''
ECHO_N='-n'
ECHO_T=''
EGREP='/bin/grep -E'
EXEEXT=''
GETTEXT_PACKAGE='zeitgeist'
GMOFILES=''
GMSGFMT='/usr/bin/msgfmt'
GREP='/bin/grep'
HAVE_RAPPER='yes'
INSTALL_DATA='${INSTALL} -m 644'
INSTALL_PROGRAM='${INSTALL}'
INSTALL_SCRIPT='${INSTALL}'
INSTALL_STRIP_PROGRAM='$(install_sh) -c -s'
INSTOBJEXT='.mo'
INTLLIBS=''
INTLTOOL_CAVES_RULE='%.caves:     %.caves.in     $(INTLTOOL_MERGE) $(wildcard $(top_srcdir)/po/*.po) ; LC_ALL=C $(INTLTOOL_MERGE) -d -u -c $(top_builddir)/po/.intltool-merge-cache $(top_srcdir)/po $< $@'
INTLTOOL_DESKTOP_RULE='%.desktop:   %.desktop.in   $(INTLTOOL_MERGE) $(wildcard $(top_srcdir)/po/*.po) ; LC_ALL=C $(INTLTOOL_MERGE) -d -u -c $(top_builddir)/po/.intltool-merge-cache $(top_srcdir)/po $< $@'
INTLTOOL_DIRECTORY_RULE='%.directory: %.directory.in $(INTLTOOL_MERGE) $(wildcard $(top_srcdir)/po/*.po) ; LC_ALL=C $(INTLTOOL_MERGE) -d -u -c $(top_builddir)/po/.intltool-merge-cache $(top_srcdir)/po $< $@'
INTLTOOL_EXTRACT='/usr/share/intltool-debian//intltool-extract'
INTLTOOL_KBD_RULE='%.kbd:       %.kbd.in       $(INTLTOOL_MERGE) $(wildcard $(top_srcdir)/po/*.po) ; LC_ALL=C $(INTLTOOL_MERGE) -x -u -m -c $(top_builddir)/po/.intltool-merge-cache $(top_srcdir)/po $< $@'
INTLTOOL_KEYS_RULE='%.keys:      %.keys.in      $(INTLTOOL_MERGE) $(wildcard $(top_srcdir)/po/*.po) ; LC_ALL=C $(INTLTOOL_MERGE) -k -u -c $(top_builddir)/po/.intltool-merge-cache $(top_srcdir)/po $< $@'
INTLTOOL_MERGE='/usr/share/intltool-debian//intltool-merge'
INTLTOOL_OAF_RULE='%.oaf:       %.oaf.in       $(INTLTOOL_MERGE) $(wildcard $(top_srcdir)/po/*.po) ; LC_ALL=C $(INTLTOOL_MERGE) -o -p $(top_srcdir)/po $< $@'
INTLTOOL_PERL='/usr/bin/perl'
INTLTOOL_POLICY_RULE='%.policy:    %.policy.in    $(INTLTOOL_MERGE) $(wildcard $(top_srcdir)/po/*.po) ; LC_ALL=C $(INTLTOOL_MERGE) -x -u -c $(top_builddir)/po/.intltool-merge-cache $(top_srcdir)/po $< $@'
INTLTOOL_PONG_RULE='%.pong:      %.pong.in      $(INTLTOOL_MERGE) $(wildcard $(top_srcdir)/po/*.po) ; LC_ALL=C $(INTLTOOL_MERGE) -x -u -c $(top_builddir)/po/.intltool-merge-cache $(top_srcdir)/po $< $@'
INTLTOOL_PROP_RULE='%.prop:      %.prop.in      $(INTLTOOL_MERGE) $(wildcard $(top_srcdir)/po/*.po) ; LC_ALL=C $(INTLTOOL_MERGE) -d -u -c $(top_builddir)/po/.intltool-merge-cache $(top_srcdir)/po $< $@'
INTLTOOL_SCHEMAS_RULE='%.schemas:   %.schemas.in   $(INTLTOOL_MERGE) $(wildcard $(top_srcdir)/po/*.po) ; LC_ALL=C $(INTLTOOL_MERGE) -s -u -c $(top_builddir)/po/.intltool-merge-cache $(top_srcdir)/po $< $@'
INTLTOOL_SERVER_RULE='%.server:    %.server.in    $(INTLTOOL_MERGE) $(wildcard $(top_srcdir)/po/*.po) ; LC_ALL=C $(INTLTOOL_MERGE) -o -u -c $(top_builddir)/po/.intltool-merge-cache $(top_srcdir)/po $< $@'
INTLTOOL_SERVICE_RULE='%.service: %.service.in   $(INTLTOOL_MERGE) $(wildcard $(top_srcdir)/po/*.po) ; LC_ALL=C $(INTLTOOL_MERGE) -d -u -c $(top_builddir)/po/.intltool-merge-cache $(top_srcdir)/po $< $@'
INTLTOOL_SHEET_RULE='%.sheet:     %.sheet.in     $(INTLTOOL_MERGE) $(wildcard $(top_srcdir)/po/*.po) ; LC_ALL=C $(INTLTOOL_MERGE) -x -u -c $(top_builddir)/po/.intltool-merge-cache $(top_srcdir)/po $< $@'
INTLTOOL_SOUNDLIST_RULE='%.soundlist: %.soundlist.in $(INTLTOOL_MERGE) $(wildcard $(top_srcdir)/po/*.po) ; LC_ALL=C $(INTLTOOL_MERGE) -d -u -c $(top_builddir)/po/.intltool-merge-cache $(top_srcdir)/po $< $@'
INTLTOOL_THEME_RULE='%.theme:     %.theme.in     $(INTLTOOL_MERGE) $(wildcard $(top_srcdir)/po/*.po) ; LC_ALL=C $(INTLTOOL_MERGE) -d -u -c $(top_builddir)/po/.intltool-merge-cache $(top_srcdir)/po $< $@'
INTLTOOL_UI_RULE='%.ui:        %.ui.in        $(INTLTOOL_MERGE) $(wildcard $(top_srcdir)/po/*.po) ; LC_ALL=C $(INTLTOOL_MERGE) -x -u -c $(top_builddir)/po/.intltool-merge-cache $(top_srcdir)/po $< $@'
INTLTOOL_UPDATE='/usr/share/intltool-debian//intltool-update'
INTLTOOL_XAM_RULE='%.xam:       %.xml.in       $(INTLTOOL_MERGE) $(wildcard $(top_srcdir)/po/*.po) ; LC_ALL=C $(INTLTOOL_MERGE) -x -u -c $(top_builddir)/po/.intltool-merge-cache $(top_srcdir)/po $< $@'
INTLTOOL_XML_NOMERGE_RULE='%.xml:       %.xml.in       $(INTLTOOL_MERGE) ; LC_ALL=C $(INTLTOOL_MERGE) -x -u /tmp $< $@'
INTLTOOL_XML_RULE='%.xml:       %.xml.in       $(INTLTOOL_MERGE) $(wildcard $(top_srcdir)/po/*.po) ; LC_ALL=C $(INTLTOOL_MERGE) -x -u -c $(top_builddir)/po/.intltool-merge-cache $(top_srcdir)/po $< $@'
LDFLAGS=''
LIBOBJS=''
LIBS=''
LTLIBOBJS=''
MAINT='#'
MAINTAINER_MODE_FALSE=''
MAINTAINER_MODE_TRUE='#'
MAKEINFO='${SHELL} /home/ben/dev/zeitgeist-0.7.1/missing --run makeinfo'
MKDIR_P='/bin/mkdir -p'
MKINSTALLDIRS='./mkinstalldirs'
MSGFMT='/usr/bin/msgfmt'
MSGFMT_OPTS='-c'
MSGMERGE='/usr/bin/msgmerge'
OBJEXT='o'
PACKAGE='zeitgeist'
PACKAGE_BUGREPORT=''
PACKAGE_NAME='zeitgeist'
PACKAGE_STRING='zeitgeist 0.7.1'
PACKAGE_TARNAME='zeitgeist'
PACKAGE_URL=''
PACKAGE_VERSION='0.7.1'
PATH_SEPARATOR=':'
POFILES=''
POSUB='po'
PO_IN_DATADIR_FALSE=''
PO_IN_DATADIR_TRUE=''
PYTHON='/usr/bin/python'
PYTHON_EXEC_PREFIX='${exec_prefix}'
PYTHON_PLATFORM='linux2'
PYTHON_PREFIX='${prefix}'
PYTHON_VERSION='2.6'
SET_MAKE=''
SHELL='/bin/bash'
STRIP=''
USE_NLS='yes'
VERSION='0.7.1'
XGETTEXT='/usr/bin/xgettext'
ac_ct_CC='gcc'
am__EXEEXT_FALSE=''
am__EXEEXT_TRUE='#'
am__fastdepCC_FALSE=''
am__fastdepCC_TRUE='#'
am__include='include'
am__isrc=''
am__leading_dot='.'
am__quote=''
am__tar='${AMTAR} chof - "$$tardir"'
am__untar='${AMTAR} xf -'
bindir='${exec_prefix}/bin'
build_alias=''
datadir='${datarootdir}'
datarootdir='${prefix}/share'
docdir='${datarootdir}/doc/${PACKAGE_TARNAME}'
dvidir='${docdir}'
exec_prefix='${prefix}'
host_alias=''
htmldir='${docdir}'
includedir='${prefix}/include'
infodir='${datarootdir}/info'
install_sh='${SHELL} /home/ben/dev/zeitgeist-0.7.1/install-sh'
libdir='${exec_prefix}/lib'
libexecdir='${exec_prefix}/libexec'
localedir='${datarootdir}/locale'
localstatedir='${prefix}/var'
mandir='${datarootdir}/man'
mkdir_p='/bin/mkdir -p'
oldincludedir='/usr/include'
pdfdir='${docdir}'
pkgpyexecdir='${pyexecdir}/zeitgeist'
pkgpythondir='${pythondir}/zeitgeist'
prefix='/usr/local'
program_transform_name='s,x,x,'
psdir='${docdir}'
pyexecdir='${exec_prefix}/lib/python2.6/dist-packages'
pythondir='${prefix}/lib/python2.6/dist-packages'
sbindir='${exec_prefix}/sbin'
sharedstatedir='${prefix}/com'
sysconfdir='${prefix}/etc'
target_alias=''

## ----------- ##
## confdefs.h. ##
## ----------- ##

/* confdefs.h */
#define PACKAGE_NAME "zeitgeist"
#define PACKAGE_TARNAME "zeitgeist"
#define PACKAGE_VERSION "0.7.1"
#define PACKAGE_STRING "zeitgeist 0.7.1"
#define PACKAGE_BUGREPORT ""
#define PACKAGE_URL ""
#define PACKAGE "zeitgeist"
#define VERSION "0.7.1"
#define GETTEXT_PACKAGE "zeitgeist"
#define STDC_HEADERS 1
#define HAVE_SYS_TYPES_H 1
#define HAVE_SYS_STAT_H 1
#define HAVE_STDLIB_H 1
#define HAVE_STRING_H 1
#define HAVE_MEMORY_H 1
#define HAVE_STRINGS_H 1
#define HAVE_INTTYPES_H 1
#define HAVE_STDINT_H 1
#define HAVE_UNISTD_H 1
#define HAVE_LOCALE_H 1
#define HAVE_LC_MESSAGES 1
#define HAVE_BIND_TEXTDOMAIN_CODESET 1
#define HAVE_GETTEXT 1
#define HAVE_DCGETTEXT 1
#define ENABLE_NLS 1

configure: exit 0
